# JRE version: Java(TM) SE Runtime Environment (17.0.8+9) (build 17.0.8+9-LTS-211)
# Java VM: Java HotSpot(TM) 64-Bit Server VM (17.0.8+9-LTS-211, mixed mode, sharing, tiered, compressed oops, compressed class ptrs, g1 gc, windows-amd64)
GC Precious Log:
 CPUs: 12 total, 12 available
 Memory: 7532M
 Large Page Support: Disabled
 NUMA Support: Disabled
 Compressed Oops: Enabled (32-bit)
 Heap Region Size: 1M
 Heap Min Capacity: 8M
 Heap Initial Capacity: 118M
 Heap Max Capacity: 1884M
 Pre-touch: Disabled
 Parallel Workers: 10
 Concurrent Workers: 3
 Concurrent Refinement Workers: 10
 Periodic GC: Disabled
Heap:
 garbage-first heap   total 132096K, used 70954K [0x000000008a400000, 0x0000000100000000)
  region size 1024K, 3 young (3072K), 3 survivors (3072K)
 Metaspace       used 78068K, committed 78400K, reserved 1179648K
  class space    used 8700K, committed 8832K, reserved 1048576K
GC Heap History (20 events):
Event: 18.648 GC heap after
{Heap after GC invocations=17 (full 0):
 garbage-first heap   total 95232K, used 51481K [0x000000008a400000, 0x0000000100000000)
  region size 1024K, 4 young (4096K), 4 survivors (4096K)
 Metaspace       used 55035K, committed 55360K, reserved 1114112K
  class space    used 6611K, committed 6784K, reserved 1048576K
}
Event: 20.400 GC heap before
{Heap before GC invocations=18 (full 0):
 garbage-first heap   total 95232K, used 74009K [0x000000008a400000, 0x0000000100000000)
  region size 1024K, 27 young (27648K), 4 survivors (4096K)
 Metaspace       used 56432K, committed 56768K, reserved 1114112K
  class space    used 6671K, committed 6848K, reserved 1048576K
}
Event: 20.419 GC heap after
{Heap after GC invocations=19 (full 0):
 garbage-first heap   total 95232K, used 54138K [0x000000008a400000, 0x0000000100000000)
  region size 1024K, 3 young (3072K), 3 survivors (3072K)
 Metaspace       used 56432K, committed 56768K, reserved 1114112K
  class space    used 6671K, committed 6848K, reserved 1048576K
}
Event: 20.420 GC heap before
{Heap before GC invocations=19 (full 0):
 garbage-first heap   total 95232K, used 54138K [0x000000008a400000, 0x0000000100000000)
  region size 1024K, 4 young (4096K), 3 survivors (3072K)
 Metaspace       used 56432K, committed 56768K, reserved 1114112K
  class space    used 6671K, committed 6848K, reserved 1048576K
}
Event: 20.429 GC heap after
{Heap after GC invocations=20 (full 0):
 garbage-first heap   total 95232K, used 54529K [0x000000008a400000, 0x0000000100000000)
  region size 1024K, 1 young (1024K), 1 survivors (1024K)
 Metaspace       used 56432K, committed 56768K, reserved 1114112K
  class space    used 6671K, committed 6848K, reserved 1048576K
}
Event: 21.229 GC heap before
{Heap before GC invocations=21 (full 0):
 garbage-first heap   total 109568K, used 78081K [0x000000008a400000, 0x0000000100000000)
  region size 1024K, 23 young (23552K), 1 survivors (1024K)
 Metaspace       used 57696K, committed 58048K, reserved 1114112K
  class space    used 6790K, committed 6976K, reserved 1048576K
}
Event: 21.240 GC heap after
{Heap after GC invocations=22 (full 0):
 garbage-first heap   total 109568K, used 56450K [0x000000008a400000, 0x0000000100000000)
  region size 1024K, 3 young (3072K), 3 survivors (3072K)
 Metaspace       used 57696K, committed 58048K, reserved 1114112K
  class space    used 6790K, committed 6976K, reserved 1048576K
}
Event: 22.687 GC heap before
{Heap before GC invocations=22 (full 0):
 garbage-first heap   total 109568K, used 88194K [0x000000008a400000, 0x0000000100000000)
  region size 1024K, 34 young (34816K), 3 survivors (3072K)
 Metaspace       used 63327K, committed 63616K, reserved 1114112K
  class space    used 7337K, committed 7488K, reserved 1048576K
}
Event: 22.701 GC heap after
{Heap after GC invocations=23 (full 0):
 garbage-first heap   total 132096K, used 58713K [0x000000008a400000, 0x0000000100000000)
  region size 1024K, 5 young (5120K), 5 survivors (5120K)
 Metaspace       used 63327K, committed 63616K, reserved 1114112K
  class space    used 7337K, committed 7488K, reserved 1048576K
}
Event: 24.092 GC heap before
{Heap before GC invocations=24 (full 0):
 garbage-first heap   total 132096K, used 105817K [0x000000008a400000, 0x0000000100000000)
  region size 1024K, 51 young (52224K), 5 survivors (5120K)
 Metaspace       used 67408K, committed 67712K, reserved 1114112K
  class space    used 7759K, committed 7936K, reserved 1048576K
}
Event: 24.111 GC heap after
{Heap after GC invocations=25 (full 0):
 garbage-first heap   total 132096K, used 63643K [0x000000008a400000, 0x0000000100000000)
  region size 1024K, 7 young (7168K), 7 survivors (7168K)
 Metaspace       used 67408K, committed 67712K, reserved 1114112K
  class space    used 7759K, committed 7936K, reserved 1048576K
}
Event: 24.139 GC heap before
{Heap before GC invocations=25 (full 0):
 garbage-first heap   total 132096K, used 64667K [0x000000008a400000, 0x0000000100000000)
  region size 1024K, 8 young (8192K), 7 survivors (7168K)
 Metaspace       used 67624K, committed 67904K, reserved 1114112K
  class space    used 7794K, committed 7936K, reserved 1048576K
}
Event: 24.151 GC heap after
{Heap after GC invocations=26 (full 0):
 garbage-first heap   total 132096K, used 64462K [0x000000008a400000, 0x0000000100000000)
  region size 1024K, 1 young (1024K), 1 survivors (1024K)
 Metaspace       used 67624K, committed 67904K, reserved 1114112K
  class space    used 7794K, committed 7936K, reserved 1048576K
}
Event: 25.047 GC heap before
{Heap before GC invocations=26 (full 0):
 garbage-first heap   total 132096K, used 106446K [0x000000008a400000, 0x0000000100000000)
  region size 1024K, 42 young (43008K), 1 survivors (1024K)
 Metaspace       used 72003K, committed 72256K, reserved 1114112K
  class space    used 8253K, committed 8384K, reserved 1048576K
}
Event: 25.057 GC heap after
{Heap after GC invocations=27 (full 0):
 garbage-first heap   total 132096K, used 67046K [0x000000008a400000, 0x0000000100000000)
  region size 1024K, 4 young (4096K), 4 survivors (4096K)
 Metaspace       used 72003K, committed 72256K, reserved 1114112K
  class space    used 8253K, committed 8384K, reserved 1048576K
}
Event: 25.958 GC heap before
{Heap before GC invocations=28 (full 0):
 garbage-first heap   total 132096K, used 106982K [0x000000008a400000, 0x0000000100000000)
  region size 1024K, 43 young (44032K), 4 survivors (4096K)
 Metaspace       used 73901K, committed 74240K, reserved 1179648K
  class space    used 8397K, committed 8576K, reserved 1048576K
}
Event: 25.970 GC heap after
{Heap after GC invocations=29 (full 0):
 garbage-first heap   total 132096K, used 68998K [0x000000008a400000, 0x0000000100000000)
  region size 1024K, 2 young (2048K), 2 survivors (2048K)
 Metaspace       used 73901K, committed 74240K, reserved 1179648K
  class space    used 8397K, committed 8576K, reserved 1048576K
}
Event: 26.119 GC heap before
{Heap before GC invocations=29 (full 0):
 garbage-first heap   total 132096K, used 72070K [0x000000008a400000, 0x0000000100000000)
  region size 1024K, 6 young (6144K), 2 survivors (2048K)
 Metaspace       used 74964K, committed 75264K, reserved 1179648K
  class space    used 8488K, committed 8640K, reserved 1048576K
}
Event: 26.128 GC heap after
{Heap after GC invocations=30 (full 0):
 garbage-first heap   total 132096K, used 68742K [0x000000008a400000, 0x0000000100000000)
  region size 1024K, 1 young (1024K), 1 survivors (1024K)
 Metaspace       used 74964K, committed 75264K, reserved 1179648K
  class space    used 8488K, committed 8640K, reserved 1048576K
}
Event: 27.605 GC heap before
{Heap before GC invocations=30 (full 0):
 garbage-first heap   total 132096K, used 107654K [0x000000008a400000, 0x0000000100000000)
  region size 1024K, 40 young (40960K), 1 survivors (1024K)
 Metaspace       used 78068K, committed 78400K, reserved 1179648K
  class space    used 8700K, committed 8832K, reserved 1048576K
}

